<?xml version="1.0" encoding="utf-8"?>
<TestRun id="58531108-a9dc-45df-88aa-2a044f8d0ccd" name="sgies@DESK-7SCHMIEDE 2025-10-03 00:09:56" runUser="DESK-7SCHMIEDE\sgies" xmlns="http://microsoft.com/schemas/VisualStudio/TeamTest/2010">
  <Times creation="2025-10-03T00:09:56.3702593+02:00" queuing="2025-10-03T00:09:56.3702598+02:00" start="2025-10-03T00:04:00.3799162+02:00" finish="2025-10-03T00:09:56.3708672+02:00" />
  <TestSettings name="default" id="51a5bab8-b6aa-41bd-ad1e-afbb29e92a00">
    <Deployment runDeploymentRoot="sgies_DESK-7SCHMIEDE_2025-10-03_00_09_56" />
  </TestSettings>
  <TestLists>
    <TestList name="Ergebnisse nicht in einer Liste" id="8c84fa94-04c1-424b-9868-57a2d4851a1d" />
    <TestList name="Alle geladenen Ergebnisse" id="19431567-8539-422a-85d7-44ee4e166bda" />
  </TestLists>
  <ResultSummary outcome="Failed">
    <Counters total="0" executed="0" passed="0" failed="0" error="0" timeout="0" aborted="0" inconclusive="0" passedButRunAborted="0" notRunnable="0" notExecuted="0" disconnected="0" warning="0" completed="0" inProgress="0" pending="0" />
    <Output>
      <StdOut>[xUnit.net 00:00:00.00] xUnit.net VSTest Adapter v2.8.2+699d445a1a (64-bit .NET 8.0.20)&#xD;
[xUnit.net 00:00:00.06]   Discovering: SpocR.Tests&#xD;
[xUnit.net 00:00:00.11]   Discovered:  SpocR.Tests&#xD;
[xUnit.net 00:00:00.11]   Starting:    SpocR.Tests&#xD;
</StdOut>
    </Output>
    <RunInfos>
      <RunInfo computerName="DESK-7SCHMIEDE" outcome="Error" timestamp="2025-10-03T00:09:56.3376271+02:00">
        <Text>Der aktive Testlauf wurde abgebrochen. Grund: Der Testhostprozess ist abgestürzt.</Text>
      </RunInfo>
    </RunInfos>
  </ResultSummary>
</TestRun>