<?xml version="1.0" encoding="utf-8"?>
<TestRun id="ea2553b3-95d3-402c-833c-fa97b4c4e2b8" name="sgies@DESK-7SCHMIEDE 2025-10-03 00:11:24" runUser="DESK-7SCHMIEDE\sgies" xmlns="http://microsoft.com/schemas/VisualStudio/TeamTest/2010">
  <Times creation="2025-10-03T00:11:24.3316039+02:00" queuing="2025-10-03T00:11:24.3316042+02:00" start="2025-10-03T00:11:23.8307748+02:00" finish="2025-10-03T00:11:24.3358205+02:00" />
  <TestSettings name="default" id="cdb74eef-d085-4c83-904c-e3ada3e37ed4">
    <Deployment runDeploymentRoot="sgies_DESK-7SCHMIEDE_2025-10-03_00_11_24" />
  </TestSettings>
  <Results>
    <UnitTestResult executionId="f6f1cf4c-a79d-4831-9540-04d7b7dd8fa8" testId="c4016cd1-4b56-3dd9-fe5b-44e516936525" testName="SpocR.IntegrationTests.BasicIntegrationTests.TestFramework_ShouldBeAvailable" computerName="DESK-7SCHMIEDE" duration="00:00:00.0005138" startTime="2025-10-03T00:11:24.2575339+02:00" endTime="2025-10-03T00:11:24.2575340+02:00" testType="13cdc9d9-ddb5-4fa4-a97d-d965ccfc6d4b" outcome="Passed" testListId="8c84fa94-04c1-424b-9868-57a2d4851a1d" relativeResultsDirectory="f6f1cf4c-a79d-4831-9540-04d7b7dd8fa8" />
    <UnitTestResult executionId="4d99ea42-8244-4007-855d-62ff28ebdfe2" testId="456327dc-19d4-73a9-7911-d52a368dd0be" testName="SpocR.IntegrationTests.BasicIntegrationTests.SpocRValidator_ShouldValidateEmptyCode" computerName="DESK-7SCHMIEDE" duration="00:00:00.0082833" startTime="2025-10-03T00:11:24.2551894+02:00" endTime="2025-10-03T00:11:24.2552060+02:00" testType="13cdc9d9-ddb5-4fa4-a97d-d965ccfc6d4b" outcome="Passed" testListId="8c84fa94-04c1-424b-9868-57a2d4851a1d" relativeResultsDirectory="4d99ea42-8244-4007-855d-62ff28ebdfe2" />
  </Results>
  <TestDefinitions>
    <UnitTest name="SpocR.IntegrationTests.BasicIntegrationTests.TestFramework_ShouldBeAvailable" storage="c:\projekte\github\spocr\tests\spocr.integrationtests\bin\debug\net8.0\spocr.integrationtests.dll" id="c4016cd1-4b56-3dd9-fe5b-44e516936525">
      <Execution id="f6f1cf4c-a79d-4831-9540-04d7b7dd8fa8" />
      <TestMethod codeBase="C:\Projekte\GitHub\spocr\tests\SpocR.IntegrationTests\bin\Debug\net8.0\SpocR.IntegrationTests.dll" adapterTypeName="executor://xunit/VsTestRunner2/netcoreapp" className="SpocR.IntegrationTests.BasicIntegrationTests" name="TestFramework_ShouldBeAvailable" />
    </UnitTest>
    <UnitTest name="SpocR.IntegrationTests.BasicIntegrationTests.SpocRValidator_ShouldValidateEmptyCode" storage="c:\projekte\github\spocr\tests\spocr.integrationtests\bin\debug\net8.0\spocr.integrationtests.dll" id="456327dc-19d4-73a9-7911-d52a368dd0be">
      <Execution id="4d99ea42-8244-4007-855d-62ff28ebdfe2" />
      <TestMethod codeBase="C:\Projekte\GitHub\spocr\tests\SpocR.IntegrationTests\bin\Debug\net8.0\SpocR.IntegrationTests.dll" adapterTypeName="executor://xunit/VsTestRunner2/netcoreapp" className="SpocR.IntegrationTests.BasicIntegrationTests" name="SpocRValidator_ShouldValidateEmptyCode" />
    </UnitTest>
  </TestDefinitions>
  <TestEntries>
    <TestEntry testId="c4016cd1-4b56-3dd9-fe5b-44e516936525" executionId="f6f1cf4c-a79d-4831-9540-04d7b7dd8fa8" testListId="8c84fa94-04c1-424b-9868-57a2d4851a1d" />
    <TestEntry testId="456327dc-19d4-73a9-7911-d52a368dd0be" executionId="4d99ea42-8244-4007-855d-62ff28ebdfe2" testListId="8c84fa94-04c1-424b-9868-57a2d4851a1d" />
  </TestEntries>
  <TestLists>
    <TestList name="Ergebnisse nicht in einer Liste" id="8c84fa94-04c1-424b-9868-57a2d4851a1d" />
    <TestList name="Alle geladenen Ergebnisse" id="19431567-8539-422a-85d7-44ee4e166bda" />
  </TestLists>
  <ResultSummary outcome="Completed">
    <Counters total="2" executed="2" passed="2" failed="0" error="0" timeout="0" aborted="0" inconclusive="0" passedButRunAborted="0" notRunnable="0" notExecuted="0" disconnected="0" warning="0" completed="0" inProgress="0" pending="0" />
    <Output>
      <StdOut>[xUnit.net 00:00:00.00] xUnit.net VSTest Adapter v2.8.2+699d445a1a (64-bit .NET 8.0.20)&#xD;
[xUnit.net 00:00:00.05]   Discovering: SpocR.IntegrationTests&#xD;
[xUnit.net 00:00:00.08]   Discovered:  SpocR.IntegrationTests&#xD;
[xUnit.net 00:00:00.08]   Starting:    SpocR.IntegrationTests&#xD;
[xUnit.net 00:00:00.12]   Finished:    SpocR.IntegrationTests&#xD;
</StdOut>
    </Output>
  </ResultSummary>
</TestRun>